2024-05-27  9:48:29 0 [Note] Starting MariaDB 10.4.32-MariaDB source revision c4143f909528e3fab0677a28631d10389354c491 as process 4644
2024-05-27  9:48:29 0 [Note] InnoDB: Mutexes and rw_locks use Windows interlocked functions
2024-05-27  9:48:29 0 [Note] InnoDB: Uses event mutexes
2024-05-27  9:48:29 0 [Note] InnoDB: Compressed tables use zlib 1.3
2024-05-27  9:48:29 0 [Note] InnoDB: Number of pools: 1
2024-05-27  9:48:29 0 [Note] InnoDB: Using SSE2 crc32 instructions
2024-05-27  9:48:29 0 [Note] InnoDB: Initializing buffer pool, total size = 16M, instances = 1, chunk size = 16M
2024-05-27  9:48:29 0 [Note] InnoDB: Completed initialization of buffer pool
2024-05-27  9:48:29 0 [Note] InnoDB: Starting crash recovery from checkpoint LSN=300288
2024-05-27  9:48:30 0 [Note] InnoDB: 128 out of 128 rollback segments are active.
2024-05-27  9:48:30 0 [Note] InnoDB: Removed temporary tablespace data file: "ibtmp1"
2024-05-27  9:48:30 0 [Note] InnoDB: Creating shared tablespace for temporary tables
2024-05-27  9:48:30 0 [Note] InnoDB: Setting file 'C:\xampp\mysql\data\ibtmp1' size to 12 MB. Physically writing the file full; Please wait ...
2024-05-27  9:48:30 0 [Note] InnoDB: File 'C:\xampp\mysql\data\ibtmp1' size is now 12 MB.
2024-05-27  9:48:30 0 [Note] InnoDB: Waiting for purge to start
2024-05-27  9:48:30 0 [Note] InnoDB: 10.4.32 started; log sequence number 300297; transaction id 170
2024-05-27  9:48:30 0 [Note] InnoDB: Loading buffer pool(s) from C:\xampp\mysql\data\ib_buffer_pool
2024-05-27  9:48:30 0 [Note] Plugin 'FEEDBACK' is disabled.
2024-05-27  9:48:30 0 [Note] Server socket created on IP: '::'.
2024-05-27  9:48:30 0 [Note] InnoDB: Buffer pool(s) load completed at 240527  9:48:30
2024-05-27  9:48:30 0 [Note] Reading of all Master_info entries succeeded
2024-05-27  9:48:30 0 [Note] Added new Master_info '' to hash table
2024-05-27  9:48:30 0 [Note] C:\xampp\mysql\bin\mysqld.exe: ready for connections.
Version: '10.4.32-MariaDB'  socket: ''  port: 3306  mariadb.org binary distribution
2024-05-27 18:37:26 0 [Note] C:\xampp\mysql\bin\mysqld.exe (initiated by: unknown): Normal shutdown
2024-05-27 18:37:26 0 [Note] Event Scheduler: Purging the queue. 0 events
2024-05-27 18:37:26 0 [Note] InnoDB: FTS optimize thread exiting.
2024-05-27 18:37:26 0 [Note] InnoDB: Starting shutdown...
2024-05-27 18:37:26 0 [Note] InnoDB: Dumping buffer pool(s) to C:\xampp\mysql\data\ib_buffer_pool
2024-05-27 18:37:26 0 [Note] InnoDB: Instance 0, restricted to 250 pages due to innodb_buf_pool_dump_pct=25
2024-05-27 18:37:26 0 [Note] InnoDB: Buffer pool(s) dump completed at 240527 18:37:26
2024-05-27 18:37:27 0 [Note] InnoDB: Removed temporary tablespace data file: "ibtmp1"
2024-05-27 18:37:27 0 [Note] InnoDB: Shutdown completed; log sequence number 3578458; transaction id 1285
2024-05-27 18:37:27 0 [Note] C:\xampp\mysql\bin\mysqld.exe: Shutdown complete

2024-05-27 18:38:02 0 [Note] Starting MariaDB 10.4.32-MariaDB source revision c4143f909528e3fab0677a28631d10389354c491 as process 904
2024-05-27 18:38:02 0 [Note] InnoDB: Mutexes and rw_locks use Windows interlocked functions
2024-05-27 18:38:02 0 [Note] InnoDB: Uses event mutexes
2024-05-27 18:38:02 0 [Note] InnoDB: Compressed tables use zlib 1.3
2024-05-27 18:38:02 0 [Note] InnoDB: Number of pools: 1
2024-05-27 18:38:02 0 [Note] InnoDB: Using SSE2 crc32 instructions
2024-05-27 18:38:02 0 [Note] InnoDB: Initializing buffer pool, total size = 16M, instances = 1, chunk size = 16M
2024-05-27 18:38:02 0 [Note] InnoDB: Completed initialization of buffer pool
2024-05-27 18:38:02 0 [Note] InnoDB: 128 out of 128 rollback segments are active.
2024-05-27 18:38:02 0 [Note] InnoDB: Creating shared tablespace for temporary tables
2024-05-27 18:38:02 0 [Note] InnoDB: Setting file 'C:\xampp\mysql\data\ibtmp1' size to 12 MB. Physically writing the file full; Please wait ...
2024-05-27 18:38:02 0 [Note] InnoDB: File 'C:\xampp\mysql\data\ibtmp1' size is now 12 MB.
2024-05-27 18:38:02 0 [Note] InnoDB: Waiting for purge to start
2024-05-27 18:38:02 0 [Note] InnoDB: 10.4.32 started; log sequence number 3578458; transaction id 1286
2024-05-27 18:38:02 0 [Note] InnoDB: Loading buffer pool(s) from C:\xampp\mysql\data\ib_buffer_pool
2024-05-27 18:38:02 0 [Note] InnoDB: Buffer pool(s) load completed at 240527 18:38:02
2024-05-27 18:38:02 0 [Note] Plugin 'FEEDBACK' is disabled.
2024-05-27 18:38:02 0 [Note] Server socket created on IP: '::'.
2024-05-27 18:38:03 0 [Note] Reading of all Master_info entries succeeded
2024-05-27 18:38:03 0 [Note] Added new Master_info '' to hash table
2024-05-27 18:38:03 0 [Note] C:\xampp\mysql\bin\mysqld.exe: ready for connections.
Version: '10.4.32-MariaDB'  socket: ''  port: 3306  mariadb.org binary distribution
